{
  "stats": {
    "suites": 1,
    "tests": 1,
    "passes": 1,
    "pending": 0,
    "failures": 0,
    "start": "2024-08-26T11:16:29.045Z",
    "end": "2024-08-26T11:16:38.909Z",
    "duration": 9864,
    "testsRegistered": 1,
    "passPercent": 100,
    "pendingPercent": 0,
    "other": 0,
    "hasOther": false,
    "skipped": 0,
    "hasSkipped": false
  },
  "results": [
    {
      "uuid": "ea2d6900-0bc8-452c-9499-406384ac294c",
      "title": "",
      "fullFile": "cypress\\e2e\\tests\\loginTest.cy.js",
      "file": "cypress\\e2e\\tests\\loginTest.cy.js",
      "beforeHooks": [],
      "afterHooks": [],
      "tests": [],
      "suites": [
        {
          "uuid": "c4826c85-7764-46e4-92d0-95607f8cac97",
          "title": "Login test suite",
          "fullFile": "",
          "file": "",
          "beforeHooks": [],
          "afterHooks": [],
          "tests": [
            {
              "title": "User login test",
              "fullTitle": "Login test suite User login test",
              "timedOut": null,
              "duration": 9815,
              "state": "passed",
              "speed": "medium",
              "pass": true,
              "fail": false,
              "pending": false,
              "context": null,
              "code": "const loginActionPageLoc = new _loginActionPage.LoginActionPage();\ncy.visit('/');\ncy.title().should('include', 'Manifest Movies');\ncy.get('@credentials').then(credentials => {\n  loginActionPageLoc.login(credentials.username, credentials.password);\n});\nloginActionPageLoc.verifyLogoutCTA();",
              "err": {},
              "uuid": "313734be-e65e-4240-a4ba-ecb5decfe4cc",
              "parentUUID": "c4826c85-7764-46e4-92d0-95607f8cac97",
              "isHook": false,
              "skipped": false
            }
          ],
          "suites": [],
          "passes": [
            "313734be-e65e-4240-a4ba-ecb5decfe4cc"
          ],
          "failures": [],
          "pending": [],
          "skipped": [],
          "duration": 9815,
          "root": false,
          "rootEmpty": false,
          "_timeout": 2000
        }
      ],
      "passes": [],
      "failures": [],
      "pending": [],
      "skipped": [],
      "duration": 0,
      "root": true,
      "rootEmpty": true,
      "_timeout": 2000
    }
  ],
  "meta": {
    "mocha": {
      "version": "7.0.1"
    },
    "mochawesome": {
      "options": {
        "quiet": false,
        "reportFilename": "mochawesome",
        "saveHtml": true,
        "saveJson": true,
        "consoleReporter": "spec",
        "useInlineDiffs": false,
        "code": true
      },
      "version": "7.1.3"
    },
    "marge": {
      "options": {
        "reportDir": "cypress/reports",
        "overwrite": false,
        "html": true,
        "json": true
      },
      "version": "6.2.0"
    }
  }
}