{
  "stats": {
    "suites": 1,
    "tests": 1,
    "passes": 1,
    "pending": 0,
    "failures": 0,
    "start": "2024-08-26T12:31:30.057Z",
    "end": "2024-08-26T12:31:44.230Z",
    "duration": 14173,
    "testsRegistered": 1,
    "passPercent": 100,
    "pendingPercent": 0,
    "other": 0,
    "hasOther": false,
    "skipped": 0,
    "hasSkipped": false
  },
  "results": [
    {
      "uuid": "51e09227-3e0f-40f7-ac7b-603c8c5f75cb",
      "title": "",
      "fullFile": "cypress\\e2e\\tests\\loginTest.cy.js",
      "file": "cypress\\e2e\\tests\\loginTest.cy.js",
      "beforeHooks": [],
      "afterHooks": [],
      "tests": [],
      "suites": [
        {
          "uuid": "dac3c9d4-d4db-4c9c-9805-bdd04a7588f2",
          "title": "Login test suite",
          "fullFile": "",
          "file": "",
          "beforeHooks": [],
          "afterHooks": [],
          "tests": [
            {
              "title": "User login test",
              "fullTitle": "Login test suite User login test",
              "timedOut": null,
              "duration": 14076,
              "state": "passed",
              "speed": "slow",
              "pass": true,
              "fail": false,
              "pending": false,
              "context": null,
              "code": "const loginActionPageLoc = new _loginActionPage.LoginActionPage();\ncy.visit('/');\ncy.title().should('include', 'Manifest Movies');\ncy.get('@credentials').then(credentials => {\n  loginActionPageLoc.login(credentials.username, credentials.password);\n});\nloginActionPageLoc.verifyLogoutCTA();",
              "err": {},
              "uuid": "aafdaeff-0d1b-4bfe-8305-c4f01c20b8ed",
              "parentUUID": "dac3c9d4-d4db-4c9c-9805-bdd04a7588f2",
              "isHook": false,
              "skipped": false
            }
          ],
          "suites": [],
          "passes": [
            "aafdaeff-0d1b-4bfe-8305-c4f01c20b8ed"
          ],
          "failures": [],
          "pending": [],
          "skipped": [],
          "duration": 14076,
          "root": false,
          "rootEmpty": false,
          "_timeout": 2000
        }
      ],
      "passes": [],
      "failures": [],
      "pending": [],
      "skipped": [],
      "duration": 0,
      "root": true,
      "rootEmpty": true,
      "_timeout": 2000
    }
  ],
  "meta": {
    "mocha": {
      "version": "7.0.1"
    },
    "mochawesome": {
      "options": {
        "quiet": false,
        "reportFilename": "mochawesome",
        "saveHtml": true,
        "saveJson": true,
        "consoleReporter": "spec",
        "useInlineDiffs": false,
        "code": true
      },
      "version": "7.1.3"
    },
    "marge": {
      "options": {
        "reportDir": "cypress/reports",
        "overwrite": false,
        "html": true,
        "json": true
      },
      "version": "6.2.0"
    }
  }
}